<?xml version="1.0" encoding="UTF-8"?>
<!-- Generated by org.testng.reporters.JUnitReportReporter -->
<testsuite skipped="0" hostname="kasturisuresh" name="sravaniAcademy.Log4jPractise.Demo" tests="1" failures="0" timestamp="2022-02-23T19:58:25 IST" time="0.015" errors="0">
  <testcase name="getData" time="0.015" classname="sravaniAcademy.Log4jPractise.Demo"/>
  <system-out/>
</testsuite> <!-- sravaniAcademy.Log4jPractise.Demo -->
